android_studio_28_notification/Application/build/intermediates/manifest_merge_blame_file/debug/manifest-merger-blame-debug-report.txt
1<?xml version="1.0" encoding="utf-8"?>
2<!--
3 Copyright 2013 The Android Open Source Project
4
5 Licensed under the Apache License, Version 2.0 (the "License");
6 you may not use this file except in compliance with the License.
7 You may obtain a copy of the License at
8
9     http://www.apache.org/licenses/LICENSE-2.0
10
11 Unless required by applicable law or agreed to in writing, software
12 distributed under the License is distributed on an "AS IS" BASIS,
13 WITHOUT WARRANTIES OR CONDITIONS OF ANY KIND, either express or implied.
14 See the License for the specific language governing permissions and
15 limitations under the License.
16-->
17<manifest xmlns:android="http://schemas.android.com/apk/res/android"
18    package="com.example.android.wearable.wear.wearnotifications"
19    android:versionCode="1"
20    android:versionName="1.0" >
21
22    <uses-sdk
23        android:minSdkVersion="18"
23-->src\main\AndroidManifest.xml
24        android:targetSdkVersion="28" />
24-->src\main\AndroidManifest.xml
25
26    <application
26-->src\main\AndroidManifest.xml:22:5-82:19
27        android:allowBackup="true"
27-->src\main\AndroidManifest.xml:23:9-35
28        android:appComponentFactory="androidx.core.app.CoreComponentFactory"
28-->[androidx.core:core:1.0.0] AndroidManifest.xml:22:18-86
29        android:debuggable="true"
30        android:icon="@drawable/ic_launcher"
30-->src\main\AndroidManifest.xml:24:9-45
31        android:label="@string/app_name"
31-->src\main\AndroidManifest.xml:25:9-41
32        android:supportsRtl="true"
32-->src\main\AndroidManifest.xml:26:9-35
33        android:testOnly="true"
34        android:theme="@style/AppThemeOverride" >
34-->src\main\AndroidManifest.xml:27:9-48
35        <activity android:name="com.example.android.wearable.wear.wearnotifications.MainActivity" >
35-->src\main\AndroidManifest.xml:29:9-34:20
35-->src\main\AndroidManifest.xml:29:19-47
36            <intent-filter>
36-->src\main\AndroidManifest.xml:30:13-33:29
37                <action android:name="android.intent.action.MAIN" />
37-->src\main\AndroidManifest.xml:31:17-68
37-->src\main\AndroidManifest.xml:31:25-66
38
39                <category android:name="android.intent.category.LAUNCHER" />
39-->src\main\AndroidManifest.xml:32:17-76
39-->src\main\AndroidManifest.xml:32:27-74
40            </intent-filter>
41        </activity>
42        <activity
42-->src\main\AndroidManifest.xml:36:9-41:20
43            android:name="com.example.android.wearable.wear.wearnotifications.handlers.BigTextMainActivity"
43-->src\main\AndroidManifest.xml:37:13-57
44            android:excludeFromRecents="true"
44-->src\main\AndroidManifest.xml:38:13-46
45            android:label="@string/title_activity_big_text_main"
45-->src\main\AndroidManifest.xml:39:13-65
46            android:taskAffinity="" >
46-->src\main\AndroidManifest.xml:40:13-36
47        </activity>
48        <activity
48-->src\main\AndroidManifest.xml:43:9-49:20
49            android:name="com.example.android.wearable.wear.wearnotifications.handlers.BigPictureSocialMainActivity"
49-->src\main\AndroidManifest.xml:44:13-66
50            android:label="@string/title_activity_big_picture_main" >
50-->src\main\AndroidManifest.xml:45:13-68
51            <meta-data
51-->src\main\AndroidManifest.xml:46:13-48:48
52                android:name="android.support.PARENT_ACTIVITY"
52-->src\main\AndroidManifest.xml:47:17-63
53                android:value=".MainActivity" />
53-->src\main\AndroidManifest.xml:48:17-46
54        </activity>
55        <activity
55-->src\main\AndroidManifest.xml:52:9-58:20
56            android:name="com.example.android.wearable.wear.wearnotifications.handlers.InboxMainActivity"
56-->src\main\AndroidManifest.xml:53:13-55
57            android:label="@string/title_activity_inbox_main" >
57-->src\main\AndroidManifest.xml:54:13-62
58            <meta-data
58-->src\main\AndroidManifest.xml:46:13-48:48
59                android:name="android.support.PARENT_ACTIVITY"
59-->src\main\AndroidManifest.xml:47:17-63
60                android:value=".MainActivity" />
60-->src\main\AndroidManifest.xml:48:17-46
61        </activity>
62        <activity
62-->src\main\AndroidManifest.xml:60:9-66:20
63            android:name="com.example.android.wearable.wear.wearnotifications.handlers.MessagingMainActivity"
63-->src\main\AndroidManifest.xml:61:13-59
64            android:label="@string/title_activity_messaging_main" >
64-->src\main\AndroidManifest.xml:62:13-66
65            <meta-data
65-->src\main\AndroidManifest.xml:46:13-48:48
66                android:name="android.support.PARENT_ACTIVITY"
66-->src\main\AndroidManifest.xml:47:17-63
67                android:value=".MainActivity" />
67-->src\main\AndroidManifest.xml:48:17-46
68        </activity>
69
70        <service
70-->src\main\AndroidManifest.xml:68:9-71:19
71            android:name="com.example.android.wearable.wear.wearnotifications.handlers.BigTextIntentService"
71-->src\main\AndroidManifest.xml:69:13-58
72            android:exported="false" >
72-->src\main\AndroidManifest.xml:70:13-37
73        </service>
74        <service
74-->src\main\AndroidManifest.xml:73:9-76:19
75            android:name="com.example.android.wearable.wear.wearnotifications.handlers.MessagingIntentService"
75-->src\main\AndroidManifest.xml:74:13-60
76            android:exported="false" >
76-->src\main\AndroidManifest.xml:75:13-37
77        </service>
78        <service
78-->src\main\AndroidManifest.xml:78:9-81:19
79            android:name="com.example.android.wearable.wear.wearnotifications.handlers.BigPictureSocialIntentService"
79-->src\main\AndroidManifest.xml:79:13-67
80            android:exported="false" >
80-->src\main\AndroidManifest.xml:80:13-37
81        </service>
82
83        <activity
83-->[com.google.android.gms:play-services-base:15.0.1] AndroidManifest.xml:23:9-26:75
84            android:name="com.google.android.gms.common.api.GoogleApiActivity"
84-->[com.google.android.gms:play-services-base:15.0.1] AndroidManifest.xml:24:13-79
85            android:exported="false"
85-->[com.google.android.gms:play-services-base:15.0.1] AndroidManifest.xml:25:13-37
86            android:theme="@android:style/Theme.Translucent.NoTitleBar" />
86-->[com.google.android.gms:play-services-base:15.0.1] AndroidManifest.xml:26:13-72
87
88        <meta-data
88-->[com.google.android.gms:play-services-basement:15.0.1] AndroidManifest.xml:23:9-25:69
89            android:name="com.google.android.gms.version"
89-->[com.google.android.gms:play-services-basement:15.0.1] AndroidManifest.xml:24:13-58
90            android:value="@integer/google_play_services_version" />
90-->[com.google.android.gms:play-services-basement:15.0.1] AndroidManifest.xml:25:13-66
91    </application>
92
93</manifest>